<?xml version="1.0" encoding="UTF-8"?>
<!-- Generated by org.testng.reporters.JUnitXMLReporter -->
<testsuite ignored="0" hostname="DESKTOP-U3RCN4U" failures="0" tests="4" name="Test" time="45.234" errors="0" timestamp="2026-06-24T11:28:45 IST">
  <testcase classname="docker.FirefoxTest4" name="test3" time="8.33"/>
  <testcase classname="docker.chromeTest3" name="test3" time="9.972"/>
  <testcase classname="docker.chromeTest1" name="test" time="12.94"/>
  <testcase classname="docker.chromeTest2" name="test2" time="15.053"/>
</testsuite> <!-- Test -->
