<?xml version="1.0" encoding="UTF-8"?>
<!-- Generated by org.testng.reporters.JUnitXMLReporter -->
<testsuite ignored="0" hostname="DESKTOP-U3RCN4U" failures="0" tests="4" name="Test" time="71.832" errors="0" timestamp="2026-07-03T12:02:08 IST">
  <testcase classname="docker.chromeTest3" name="test3" time="24.848"/>
  <testcase classname="docker.chromeTest1" name="test" time="29.001"/>
  <testcase classname="docker.FirefoxTest4" name="test3" time="38.186"/>
  <testcase classname="docker.chromeTest2" name="test2" time="41.445"/>
</testsuite> <!-- Test -->
