<?xml version="1.0" encoding="UTF-8"?>
<testng-results ignored="0" total="4" passed="4" failed="0" skipped="0">
  <reporter-output>
  </reporter-output>
  <suite started-at="2026-07-03T12:00:56 IST" name="Suite" finished-at="2026-07-03T12:02:08 IST" duration-ms="71832">
    <groups>
    </groups>
    <test started-at="2026-07-03T12:00:56 IST" name="Test" finished-at="2026-07-03T12:02:08 IST" duration-ms="71832">
      <class name="docker.chromeTest3">
        <test-method signature="test3()[pri:0, instance:docker.chromeTest3@402c4085]" started-at="2026-07-03T12:01:11 IST" name="test3" finished-at="2026-07-03T12:01:36 IST" duration-ms="24848" status="PASS">
          <reporter-output>
          </reporter-output>
        </test-method> <!-- test3 -->
      </class> <!-- docker.chromeTest3 -->
      <class name="docker.chromeTest2">
        <test-method signature="test2()[pri:0, instance:docker.chromeTest2@4681c175]" started-at="2026-07-03T12:01:11 IST" name="test2" finished-at="2026-07-03T12:01:53 IST" duration-ms="41445" status="PASS">
          <reporter-output>
          </reporter-output>
        </test-method> <!-- test2 -->
      </class> <!-- docker.chromeTest2 -->
      <class name="docker.setupDocker">
        <test-method is-config="true" signature="startDocekerGrid()[pri:0, instance:docker.setupDocker@3ba987b8]" started-at="2026-07-03T12:00:56 IST" name="startDocekerGrid" finished-at="2026-07-03T12:01:11 IST" duration-ms="15112" status="PASS">
          <reporter-output>
          </reporter-output>
        </test-method> <!-- startDocekerGrid -->
        <test-method is-config="true" signature="stopDockerFrid()[pri:0, instance:docker.setupDocker@3ba987b8]" started-at="2026-07-03T12:01:53 IST" name="stopDockerFrid" finished-at="2026-07-03T12:02:08 IST" duration-ms="15200" status="PASS">
          <reporter-output>
          </reporter-output>
        </test-method> <!-- stopDockerFrid -->
      </class> <!-- docker.setupDocker -->
      <class name="docker.FirefoxTest4">
        <test-method signature="test3()[pri:0, instance:docker.FirefoxTest4@57a78e3]" started-at="2026-07-03T12:01:11 IST" name="test3" finished-at="2026-07-03T12:01:50 IST" duration-ms="38186" status="PASS">
          <reporter-output>
          </reporter-output>
        </test-method> <!-- test3 -->
      </class> <!-- docker.FirefoxTest4 -->
      <class name="docker.chromeTest1">
        <test-method signature="test()[pri:0, instance:docker.chromeTest1@353352b6]" started-at="2026-07-03T12:01:11 IST" name="test" finished-at="2026-07-03T12:01:40 IST" duration-ms="29001" status="PASS">
          <reporter-output>
          </reporter-output>
        </test-method> <!-- test -->
      </class> <!-- docker.chromeTest1 -->
    </test> <!-- Test -->
  </suite> <!-- Suite -->
</testng-results>
