<?xml version="1.0" encoding="UTF-8"?>
<testng-results ignored="0" total="4" passed="4" failed="0" skipped="0">
  <reporter-output>
  </reporter-output>
  <suite started-at="2026-06-24T11:27:59 IST" name="Suite" finished-at="2026-06-24T11:28:45 IST" duration-ms="45234">
    <groups>
    </groups>
    <test started-at="2026-06-24T11:27:59 IST" name="Test" finished-at="2026-06-24T11:28:45 IST" duration-ms="45234">
      <class name="docker.chromeTest3">
        <test-method signature="test3()[pri:0, instance:docker.chromeTest3@72cc7e6f]" started-at="2026-06-24T11:28:15 IST" name="test3" finished-at="2026-06-24T11:28:24 IST" duration-ms="9972" status="PASS">
          <reporter-output>
          </reporter-output>
        </test-method> <!-- test3 -->
      </class> <!-- docker.chromeTest3 -->
      <class name="docker.chromeTest2">
        <test-method signature="test2()[pri:0, instance:docker.chromeTest2@3f191845]" started-at="2026-06-24T11:28:15 IST" name="test2" finished-at="2026-06-24T11:28:30 IST" duration-ms="15053" status="PASS">
          <reporter-output>
          </reporter-output>
        </test-method> <!-- test2 -->
      </class> <!-- docker.chromeTest2 -->
      <class name="docker.setupDocker">
        <test-method is-config="true" signature="startDocekerGrid()[pri:0, instance:docker.setupDocker@3a7442c7]" started-at="2026-06-24T11:27:59 IST" name="startDocekerGrid" finished-at="2026-06-24T11:28:14 IST" duration-ms="15029" status="PASS">
          <reporter-output>
          </reporter-output>
        </test-method> <!-- startDocekerGrid -->
        <test-method is-config="true" signature="stopDockerFrid()[pri:0, instance:docker.setupDocker@3a7442c7]" started-at="2026-06-24T11:28:30 IST" name="stopDockerFrid" finished-at="2026-06-24T11:28:45 IST" duration-ms="15108" status="PASS">
          <reporter-output>
          </reporter-output>
        </test-method> <!-- stopDockerFrid -->
      </class> <!-- docker.setupDocker -->
      <class name="docker.FirefoxTest4">
        <test-method signature="test3()[pri:0, instance:docker.FirefoxTest4@5f049ea1]" started-at="2026-06-24T11:28:15 IST" name="test3" finished-at="2026-06-24T11:28:23 IST" duration-ms="8330" status="PASS">
          <reporter-output>
          </reporter-output>
        </test-method> <!-- test3 -->
      </class> <!-- docker.FirefoxTest4 -->
      <class name="docker.chromeTest1">
        <test-method signature="test()[pri:0, instance:docker.chromeTest1@3ba987b8]" started-at="2026-06-24T11:28:15 IST" name="test" finished-at="2026-06-24T11:28:27 IST" duration-ms="12940" status="PASS">
          <reporter-output>
          </reporter-output>
        </test-method> <!-- test -->
      </class> <!-- docker.chromeTest1 -->
    </test> <!-- Test -->
  </suite> <!-- Suite -->
</testng-results>
